<?xml version="1.0" encoding="UTF-8"?>
<robot generator="Robot 3.2.2 (Python 3.9.0 on win32)" generated="20201029 14:29:35.872" rpa="false">
<suite id="s1" name="Test" source="C:\Automation\testcases\test.robot">
<test id="s1-t1" name="TC_01">
<kw name="Close All Browsers" library="Selenium2Library">
<doc>Closes all open browsers and resets the browser cache.</doc>
<status status="PASS" starttime="20201029 14:29:36.268" endtime="20201029 14:29:36.269"></status>
</kw>
<kw name="Open Browser" library="Selenium2Library">
<doc>Opens a new browser instance to the optional ``url``.</doc>
<arguments>
<arg>${url}</arg>
<arg>${browser}</arg>
</arguments>
<msg timestamp="20201029 14:29:36.270" level="INFO">Opening browser 'chrome' to base url 'https://undss-dev-unsmin.azurewebsites.net/'.</msg>
<status status="PASS" starttime="20201029 14:29:36.269" endtime="20201029 14:29:45.098"></status>
</kw>
<kw name="Sleep" library="BuiltIn">
<doc>Pauses the test executed for the given time.</doc>
<arguments>
<arg>3</arg>
</arguments>
<msg timestamp="20201029 14:29:48.102" level="INFO">Slept 3 seconds</msg>
<status status="PASS" starttime="20201029 14:29:45.098" endtime="20201029 14:29:48.102"></status>
</kw>
<kw name="Input Text" library="Selenium2Library">
<doc>Types the given ``text`` into the text field identified by ``locator``.</doc>
<arguments>
<arg>//input[@id="dnn_ctr671_Login_Login_DNN_txtUsername"]</arg>
<arg>${user_name}</arg>
</arguments>
<msg timestamp="20201029 14:29:48.103" level="INFO">Typing text 'patthamaporn.kamai@un.org' into text field '//input[@id="dnn_ctr671_Login_Login_DNN_txtUsername"]'.</msg>
<status status="PASS" starttime="20201029 14:29:48.102" endtime="20201029 14:29:48.268"></status>
</kw>
<kw name="Input Text" library="Selenium2Library">
<doc>Types the given ``text`` into the text field identified by ``locator``.</doc>
<arguments>
<arg>//input[@id="dnn_ctr671_Login_Login_DNN_txtPassword"]</arg>
<arg>${password}</arg>
</arguments>
<msg timestamp="20201029 14:29:48.269" level="INFO">Typing text 'OICT123bangkok!' into text field '//input[@id="dnn_ctr671_Login_Login_DNN_txtPassword"]'.</msg>
<status status="PASS" starttime="20201029 14:29:48.268" endtime="20201029 14:29:48.413"></status>
</kw>
<kw name="Click Element" library="Selenium2Library">
<doc>Click the element identified by ``locator``.</doc>
<arguments>
<arg>//a[@id="dnn_ctr671_Login_Login_DNN_cmdLogin"]</arg>
</arguments>
<msg timestamp="20201029 14:29:48.413" level="INFO">Clicking element '//a[@id="dnn_ctr671_Login_Login_DNN_cmdLogin"]'.</msg>
<status status="PASS" starttime="20201029 14:29:48.413" endtime="20201029 14:29:48.479"></status>
</kw>
<kw name="Sleep" library="BuiltIn">
<doc>Pauses the test executed for the given time.</doc>
<arguments>
<arg>30</arg>
</arguments>
<msg timestamp="20201029 14:30:18.492" level="INFO">Slept 30 seconds</msg>
<status status="PASS" starttime="20201029 14:29:48.480" endtime="20201029 14:30:18.492"></status>
</kw>
<kw name="Click Element" library="Selenium2Library">
<doc>Click the element identified by ``locator``.</doc>
<arguments>
<arg>//a[text() = 'ETA']</arg>
</arguments>
<msg timestamp="20201029 14:30:18.492" level="INFO">Clicking element '//a[text() = 'ETA']'.</msg>
<status status="PASS" starttime="20201029 14:30:18.492" endtime="20201029 14:30:46.279"></status>
</kw>
<kw name="Sleep" library="BuiltIn">
<doc>Pauses the test executed for the given time.</doc>
<arguments>
<arg>30</arg>
</arguments>
<msg timestamp="20201029 14:31:16.282" level="INFO">Slept 30 seconds</msg>
<status status="PASS" starttime="20201029 14:30:46.279" endtime="20201029 14:31:16.282"></status>
</kw>
<kw name="Click Element" library="Selenium2Library">
<doc>Click the element identified by ``locator``.</doc>
<arguments>
<arg>//a[text() = 'Message Tool Plus']</arg>
</arguments>
<msg timestamp="20201029 14:31:16.282" level="INFO">Clicking element '//a[text() = 'Message Tool Plus']'.</msg>
<status status="PASS" starttime="20201029 14:31:16.282" endtime="20201029 14:31:17.849"></status>
</kw>
<kw name="Sleep" library="BuiltIn">
<doc>Pauses the test executed for the given time.</doc>
<arguments>
<arg>3</arg>
</arguments>
<msg timestamp="20201029 14:31:20.857" level="INFO">Slept 3 seconds</msg>
<status status="PASS" starttime="20201029 14:31:17.849" endtime="20201029 14:31:20.857"></status>
</kw>
<kw name="Click Element" library="Selenium2Library">
<doc>Click the element identified by ``locator``.</doc>
<arguments>
<arg>//span[text() = 'Quick Notification']</arg>
</arguments>
<msg timestamp="20201029 14:31:20.858" level="INFO">Clicking element '//span[text() = 'Quick Notification']'.</msg>
<status status="PASS" starttime="20201029 14:31:20.857" endtime="20201029 14:31:21.319"></status>
</kw>
<kw name="Sleep" library="BuiltIn">
<doc>Pauses the test executed for the given time.</doc>
<arguments>
<arg>2</arg>
</arguments>
<msg timestamp="20201029 14:31:23.333" level="INFO">Slept 2 seconds</msg>
<status status="PASS" starttime="20201029 14:31:21.319" endtime="20201029 14:31:23.333"></status>
</kw>
<kw name="Click Element" library="Selenium2Library">
<doc>Click the element identified by ``locator``.</doc>
<arguments>
<arg>//span[text() = '${msg_type}']/../../div[2]/input</arg>
</arguments>
<msg timestamp="20201029 14:31:23.334" level="INFO">Clicking element '//span[text() = 'Alert']/../../div[2]/input'.</msg>
<status status="PASS" starttime="20201029 14:31:23.333" endtime="20201029 14:31:23.386"></status>
</kw>
<kw name="Select From List By Value" library="Selenium2Library">
<doc>Selects options from selection list ``locator`` by ``values``.</doc>
<arguments>
<arg>//select[@id="DDL_DA"]</arg>
<arg>${Falkland_Islands_DA_id}</arg>
</arguments>
<msg timestamp="20201029 14:31:23.387" level="INFO">Selecting options from selection list '//select[@id="DDL_DA"]' by value 69.</msg>
<status status="PASS" starttime="20201029 14:31:23.387" endtime="20201029 14:31:23.473"></status>
</kw>
<kw name="Click Element" library="Selenium2Library">
<doc>Click the element identified by ``locator``.</doc>
<arguments>
<arg>//input[@id="cbAllEntities"]</arg>
</arguments>
<msg timestamp="20201029 14:31:23.474" level="INFO">Clicking element '//input[@id="cbAllEntities"]'.</msg>
<status status="PASS" starttime="20201029 14:31:23.474" endtime="20201029 14:31:24.325"></status>
</kw>
<kw name="Get Current Date" library="DateTime">
<doc>Returns current local or UTC time with an optional increment.</doc>
<assign>
<var>${date_time}</var>
</assign>
<msg timestamp="20201029 14:31:24.326" level="INFO">${date_time} = 2020-10-29 14:31:24.326</msg>
<status status="PASS" starttime="20201029 14:31:24.326" endtime="20201029 14:31:24.326"></status>
</kw>
<kw name="Input Text" library="Selenium2Library">
<doc>Types the given ``text`` into the text field identified by ``locator``.</doc>
<arguments>
<arg>//input[@id="msgTitle"]</arg>
<arg>${msg_title} ${date_time}</arg>
</arguments>
<msg timestamp="20201029 14:31:24.327" level="INFO">Typing text 'This is test message, sent from automation script 2020-10-29 14:31:24.326' into text field '//input[@id="msgTitle"]'.</msg>
<status status="PASS" starttime="20201029 14:31:24.326" endtime="20201029 14:31:24.531"></status>
</kw>
<kw name="Input Text" library="Selenium2Library">
<doc>Types the given ``text`` into the text field identified by ``locator``.</doc>
<arguments>
<arg>//textarea[@id="txt_Message"]</arg>
<arg>${msg_text} ${date_time}</arg>
</arguments>
<msg timestamp="20201029 14:31:24.531" level="INFO">Typing text 'please ignore, sent from automation script 2020-10-29 14:31:24.326' into text field '//textarea[@id="txt_Message"]'.</msg>
<status status="PASS" starttime="20201029 14:31:24.531" endtime="20201029 14:31:24.731"></status>
</kw>
<kw name="Click Element" library="Selenium2Library">
<doc>Click the element identified by ``locator``.</doc>
<arguments>
<arg>//input[@id="ButtonSend"]</arg>
</arguments>
<msg timestamp="20201029 14:31:24.731" level="INFO">Clicking element '//input[@id="ButtonSend"]'.</msg>
<status status="PASS" starttime="20201029 14:31:24.731" endtime="20201029 14:31:24.794"></status>
</kw>
<status status="PASS" starttime="20201029 14:29:36.267" endtime="20201029 14:31:24.795" critical="yes"></status>
</test>
<status status="PASS" starttime="20201029 14:29:35.877" endtime="20201029 14:31:24.796"></status>
</suite>
<statistics>
<total>
<stat pass="1" fail="0">Critical Tests</stat>
<stat pass="1" fail="0">All Tests</stat>
</total>
<tag>
</tag>
<suite>
<stat pass="1" fail="0" id="s1" name="Test">Test</stat>
</suite>
</statistics>
<errors>
</errors>
</robot>
