<?xml version="1.0" encoding="UTF-8"?>
<robot generator="Robot 3.2.2 (Python 3.9.0 on win32)" generated="20201029 09:35:29.246" rpa="false">
<suite id="s1" name="Test" source="C:\Automation\DSS\testcases\test.robot">
<test id="s1-t1" name="TC_01">
<kw name="Close All Browsers" library="Selenium2Library">
<doc>Closes all open browsers and resets the browser cache.</doc>
<status status="PASS" starttime="20201029 09:35:29.456" endtime="20201029 09:35:29.456"></status>
</kw>
<kw name="Open Browser" library="Selenium2Library">
<doc>Opens a new browser instance to the optional ``url``.</doc>
<arguments>
<arg>${url}</arg>
<arg>${browser}</arg>
</arguments>
<msg timestamp="20201029 09:35:29.457" level="INFO">Opening browser 'chrome' to base url 'https://undss-dev-unsmin.azurewebsites.net/'.</msg>
<status status="PASS" starttime="20201029 09:35:29.456" endtime="20201029 09:35:39.063"></status>
</kw>
<kw name="Sleep" library="BuiltIn">
<doc>Pauses the test executed for the given time.</doc>
<arguments>
<arg>3</arg>
</arguments>
<msg timestamp="20201029 09:35:42.066" level="INFO">Slept 3 seconds</msg>
<status status="PASS" starttime="20201029 09:35:39.064" endtime="20201029 09:35:42.066"></status>
</kw>
<kw name="Input Text" library="Selenium2Library">
<doc>Types the given ``text`` into the text field identified by ``locator``.</doc>
<arguments>
<arg>//input[@id="dnn_ctr671_Login_Login_DNN_txtUsername"]</arg>
<arg>${user_name}</arg>
</arguments>
<msg timestamp="20201029 09:35:42.066" level="INFO">Typing text 'patthamaporn.kamai@un.org' into text field '//input[@id="dnn_ctr671_Login_Login_DNN_txtUsername"]'.</msg>
<status status="PASS" starttime="20201029 09:35:42.066" endtime="20201029 09:35:42.136"></status>
</kw>
<kw name="Input Text" library="Selenium2Library">
<doc>Types the given ``text`` into the text field identified by ``locator``.</doc>
<arguments>
<arg>//input[@id="dnn_ctr671_Login_Login_DNN_txtPassword"]</arg>
<arg>${password}</arg>
</arguments>
<msg timestamp="20201029 09:35:42.137" level="INFO">Typing text 'OICT123bangkok!' into text field '//input[@id="dnn_ctr671_Login_Login_DNN_txtPassword"]'.</msg>
<status status="PASS" starttime="20201029 09:35:42.136" endtime="20201029 09:35:42.204"></status>
</kw>
<kw name="Click Element" library="Selenium2Library">
<doc>Click the element identified by ``locator``.</doc>
<arguments>
<arg>//a[@id="dnn_ctr671_Login_Login_DNN_cmdLogin"]</arg>
</arguments>
<msg timestamp="20201029 09:35:42.205" level="INFO">Clicking element '//a[@id="dnn_ctr671_Login_Login_DNN_cmdLogin"]'.</msg>
<status status="PASS" starttime="20201029 09:35:42.204" endtime="20201029 09:35:42.241"></status>
</kw>
<kw name="Sleep" library="BuiltIn">
<doc>Pauses the test executed for the given time.</doc>
<arguments>
<arg>30</arg>
</arguments>
<msg timestamp="20201029 09:36:12.251" level="INFO">Slept 30 seconds</msg>
<status status="PASS" starttime="20201029 09:35:42.241" endtime="20201029 09:36:12.251"></status>
</kw>
<kw name="Click Element" library="Selenium2Library">
<doc>Click the element identified by ``locator``.</doc>
<arguments>
<arg>//a[text() = 'ETA']</arg>
</arguments>
<msg timestamp="20201029 09:36:12.252" level="INFO">Clicking element '//a[text() = 'ETA']'.</msg>
<status status="PASS" starttime="20201029 09:36:12.251" endtime="20201029 09:36:38.968"></status>
</kw>
<kw name="Sleep" library="BuiltIn">
<doc>Pauses the test executed for the given time.</doc>
<arguments>
<arg>30</arg>
</arguments>
<msg timestamp="20201029 09:37:08.979" level="INFO">Slept 30 seconds</msg>
<status status="PASS" starttime="20201029 09:36:38.968" endtime="20201029 09:37:08.979"></status>
</kw>
<kw name="Click Element" library="Selenium2Library">
<doc>Click the element identified by ``locator``.</doc>
<arguments>
<arg>//a[text() = 'Message Tool Plus']</arg>
</arguments>
<msg timestamp="20201029 09:37:08.979" level="INFO">Clicking element '//a[text() = 'Message Tool Plus']'.</msg>
<status status="PASS" starttime="20201029 09:37:08.979" endtime="20201029 09:37:11.141"></status>
</kw>
<kw name="Sleep" library="BuiltIn">
<doc>Pauses the test executed for the given time.</doc>
<arguments>
<arg>3</arg>
</arguments>
<msg timestamp="20201029 09:37:14.150" level="INFO">Slept 3 seconds</msg>
<status status="PASS" starttime="20201029 09:37:11.142" endtime="20201029 09:37:14.150"></status>
</kw>
<kw name="Click Element" library="Selenium2Library">
<doc>Click the element identified by ``locator``.</doc>
<arguments>
<arg>//span[text() = 'Quick Notification']</arg>
</arguments>
<msg timestamp="20201029 09:37:14.150" level="INFO">Clicking element '//span[text() = 'Quick Notification']'.</msg>
<status status="PASS" starttime="20201029 09:37:14.150" endtime="20201029 09:37:14.529"></status>
</kw>
<kw name="Sleep" library="BuiltIn">
<doc>Pauses the test executed for the given time.</doc>
<arguments>
<arg>2</arg>
</arguments>
<msg timestamp="20201029 09:37:16.533" level="INFO">Slept 2 seconds</msg>
<status status="PASS" starttime="20201029 09:37:14.529" endtime="20201029 09:37:16.533"></status>
</kw>
<kw name="Click Element" library="Selenium2Library">
<doc>Click the element identified by ``locator``.</doc>
<arguments>
<arg>//span[text() = '${msg_type}']/../../div[2]/input</arg>
</arguments>
<msg timestamp="20201029 09:37:16.533" level="INFO">Clicking element '//span[text() = 'Alert']/../../div[2]/input'.</msg>
<status status="PASS" starttime="20201029 09:37:16.533" endtime="20201029 09:37:16.578"></status>
</kw>
<kw name="Select From List By Value" library="Selenium2Library">
<doc>Selects options from selection list ``locator`` by ``values``.</doc>
<arguments>
<arg>//select[@id="DDL_DA"]</arg>
<arg>${Falkland_Islands_DA_id}</arg>
</arguments>
<msg timestamp="20201029 09:37:16.579" level="INFO">Selecting options from selection list '//select[@id="DDL_DA"]' by value 69.</msg>
<status status="PASS" starttime="20201029 09:37:16.579" endtime="20201029 09:37:16.636"></status>
</kw>
<kw name="Click Element" library="Selenium2Library">
<doc>Click the element identified by ``locator``.</doc>
<arguments>
<arg>//input[@id="cbAllEntities"]</arg>
</arguments>
<msg timestamp="20201029 09:37:16.636" level="INFO">Clicking element '//input[@id="cbAllEntities"]'.</msg>
<status status="PASS" starttime="20201029 09:37:16.636" endtime="20201029 09:37:17.501"></status>
</kw>
<kw name="Get Current Date" library="DateTime">
<doc>Returns current local or UTC time with an optional increment.</doc>
<assign>
<var>${date_time}</var>
</assign>
<msg timestamp="20201029 09:37:17.502" level="INFO">${date_time} = 2020-10-29 09:37:17.501</msg>
<status status="PASS" starttime="20201029 09:37:17.501" endtime="20201029 09:37:17.502"></status>
</kw>
<kw name="Input Text" library="Selenium2Library">
<doc>Types the given ``text`` into the text field identified by ``locator``.</doc>
<arguments>
<arg>//input[@id="msgTitle"]</arg>
<arg>${date_time}</arg>
</arguments>
<msg timestamp="20201029 09:37:17.502" level="INFO">Typing text '2020-10-29 09:37:17.501' into text field '//input[@id="msgTitle"]'.</msg>
<status status="PASS" starttime="20201029 09:37:17.502" endtime="20201029 09:37:17.598"></status>
</kw>
<kw name="Input Text" library="Selenium2Library">
<doc>Types the given ``text`` into the text field identified by ``locator``.</doc>
<arguments>
<arg>//textarea[@id="txt_Message"]</arg>
<arg>${date_time}</arg>
</arguments>
<msg timestamp="20201029 09:37:17.598" level="INFO">Typing text '2020-10-29 09:37:17.501' into text field '//textarea[@id="txt_Message"]'.</msg>
<status status="PASS" starttime="20201029 09:37:17.598" endtime="20201029 09:37:17.669"></status>
</kw>
<kw name="Click Element" library="Selenium2Library">
<doc>Click the element identified by ``locator``.</doc>
<arguments>
<arg>//input[@id="ButtonSend"]</arg>
</arguments>
<msg timestamp="20201029 09:37:17.670" level="INFO">Clicking element '//input[@id="ButtonSend"]'.</msg>
<status status="PASS" starttime="20201029 09:37:17.670" endtime="20201029 09:37:17.717"></status>
</kw>
<status status="PASS" starttime="20201029 09:35:29.456" endtime="20201029 09:37:17.717" critical="yes"></status>
</test>
<status status="PASS" starttime="20201029 09:35:29.248" endtime="20201029 09:37:17.718"></status>
</suite>
<statistics>
<total>
<stat pass="1" fail="0">Critical Tests</stat>
<stat pass="1" fail="0">All Tests</stat>
</total>
<tag>
</tag>
<suite>
<stat pass="1" fail="0" id="s1" name="Test">Test</stat>
</suite>
</statistics>
<errors>
</errors>
</robot>
